#
# There is insufficient memory for the Java Runtime Environment to continue.
# Native memory allocation (malloc) failed to allocate 368656 bytes for Chunk::new
# Possible reasons:
#   The system is out of physical RAM or swap space
#   The process is running with CompressedOops enabled, and the Java Heap may be blocking the growth of the native heap
# Possible solutions:
#   Reduce memory load on the system
#   Increase physical memory or swap space
#   Check if swap backing store is full
#   Decrease Java heap size (-Xmx/-Xms)
#   Decrease number of Java threads
#   Decrease Java thread stack sizes (-Xss)
#   Set larger code cache with -XX:ReservedCodeCacheSize=
#   JVM is running with Unscaled Compressed Oops mode in which the Java heap is
#     placed in the first 4GB address space. The Java Heap base address is the
#     maximum limit for the native heap growth. Please use -XX:HeapBaseMinAddress
#     to set the Java Heap base and to place the Java Heap above 4GB virtual address.
# This output file may be truncated or incomplete.
#
#  Out of Memory Error (./open/src/hotspot/share/memory/arena.cpp:195), pid=6904, tid=11948
#
# JRE version:  (14.0.1+7) (build )
# Java VM: OpenJDK 64-Bit Server VM (14.0.1+7, mixed mode, tiered, compressed oops, g1 gc, windows-amd64)
# No core dump will be written. Minidumps are not enabled by default on client versions of Windows
#

---------------  S U M M A R Y ------------

Command Line: -javaagent:C:\Users\User\AppData\Local\JetBrains\Toolbox\apps\IDEA-U\ch-0\211.6693.111\lib\idea_rt.jar=64120:C:\Users\User\AppData\Local\JetBrains\Toolbox\apps\IDEA-U\ch-0\211.6693.111\bin -Dfile.encoding=UTF-8 AddToArrayFormOfInteger989

Host: Intel(R) Core(TM) i7-4712MQ CPU @ 2.30GHz, 8 cores, 7G,  Windows 10 , 64 bit Build 19041 (10.0.19041.1566)
Time: Mon Mar 14 23:28:39 2022 India Standard Time elapsed time: 0 seconds (0d 0h 0m 0s)

---------------  T H R E A D  ---------------

Current thread (0x00000205d824a000):  JavaThread "Unknown thread" [_thread_in_vm, id=11948, stack(0x000000918eb00000,0x000000918ec00000)]

Stack: [0x000000918eb00000,0x000000918ec00000]
Native frames: (J=compiled Java code, j=interpreted, Vv=VM code, C=native code)
V  [jvm.dll+0x5f840a]
V  [jvm.dll+0x741e4a]
V  [jvm.dll+0x7435ff]
V  [jvm.dll+0x743c43]
V  [jvm.dll+0x20d288]
V  [jvm.dll+0xabb07]
V  [jvm.dll+0xab833]
V  [jvm.dll+0x6c11c8]
V  [jvm.dll+0x71f885]
V  [jvm.dll+0x321c44]
V  [jvm.dll+0x700b0c]
V  [jvm.dll+0x392dff]
V  [jvm.dll+0x394e71]
C  [jli.dll+0x523b]
C  [ucrtbase.dll+0x21bb2]
C  [KERNEL32.DLL+0x17034]
C  [ntdll.dll+0x52651]


---------------  P R O C E S S  ---------------

Threads class SMR info:
_java_thread_list=0x00007ffa704f3078, length=0, elements={
}

Java Threads: ( => current thread )

Other Threads:
  0x00000205d828b000 GCTaskThread "GC Thread#0" [stack: 0x000000918ec00000,0x000000918ed00000] [id=8128]
  0x00000205d829b800 ConcurrentGCThread "G1 Main Marker" [stack: 0x000000918ed00000,0x000000918ee00000] [id=5648]
  0x00000205d829d800 ConcurrentGCThread "G1 Conc#0" [stack: 0x000000918ee00000,0x000000918ef00000] [id=9956]
  0x00000205d832c800 ConcurrentGCThread "G1 Refine#0" [stack: 0x000000918ef00000,0x000000918f000000] [id=1440]
  0x00000205d832e000 ConcurrentGCThread "G1 Young RemSet Sampling" [stack: 0x000000918f000000,0x000000918f100000] [id=12464]

=>0x00000205d824a000 (exited) JavaThread "Unknown thread" [_thread_in_vm, id=11948, stack(0x000000918eb00000,0x000000918ec00000)]

Threads with active compile tasks:

VM state:not at safepoint (not fully initialized)

VM Mutex/Monitor currently owned by a thread: None

Heap address: 0x0000000088c00000, size: 1908 MB, Compressed Oops mode: 32-bit
Narrow klass base: 0x0000000000000000, Narrow klass shift: 3
Compressed class space size: 1073741824 Address: 0x0000000100000000

GC Heap History (0 events):
No events

Deoptimization events (0 events):
No events

Classes unloaded (0 events):
No events

Classes redefined (0 events):
No events

Internal exceptions (0 events):
No events

Events (2 events):
Event: 0.009 Loaded shared library C:\Users\User\.jdks\openjdk-14.0.1\bin\java.dll
Event: 0.010 Loaded shared library C:\Users\User\.jdks\openjdk-14.0.1\bin\zip.dll


Dynamic libraries:
0x00007ff7d1a10000 - 0x00007ff7d1a1d000 	C:\Users\User\.jdks\openjdk-14.0.1\bin\java.exe
0x00007ffac0d70000 - 0x00007ffac0f65000 	C:\WINDOWS\SYSTEM32\ntdll.dll
0x00007ffabf300000 - 0x00007ffabf3be000 	C:\WINDOWS\System32\KERNEL32.DLL
0x00007ffabe690000 - 0x00007ffabe958000 	C:\WINDOWS\System32\KERNELBASE.dll
0x00007ffabec60000 - 0x00007ffabed60000 	C:\WINDOWS\System32\ucrtbase.dll
0x00007ffab7270000 - 0x00007ffab7288000 	C:\Users\User\.jdks\openjdk-14.0.1\bin\jli.dll
0x00007ffab7290000 - 0x00007ffab72a5000 	C:\Users\User\.jdks\openjdk-14.0.1\bin\VCRUNTIME140.dll
0x00007ffabfde0000 - 0x00007ffabff80000 	C:\WINDOWS\System32\USER32.dll
0x00007ffaaddd0000 - 0x00007ffaae06a000 	C:\WINDOWS\WinSxS\amd64_microsoft.windows.common-controls_6595b64144ccf1df_6.0.19041.1110_none_60b5254171f9507e\COMCTL32.dll
0x00007ffabe4c0000 - 0x00007ffabe4e2000 	C:\WINDOWS\System32\win32u.dll
0x00007ffac04f0000 - 0x00007ffac058e000 	C:\WINDOWS\System32\msvcrt.dll
0x00007ffac0590000 - 0x00007ffac05bb000 	C:\WINDOWS\System32\GDI32.dll
0x00007ffabe4f0000 - 0x00007ffabe5fb000 	C:\WINDOWS\System32\gdi32full.dll
0x00007ffabebc0000 - 0x00007ffabec5d000 	C:\WINDOWS\System32\msvcp_win.dll
0x00007ffac04c0000 - 0x00007ffac04f0000 	C:\WINDOWS\System32\IMM32.DLL
0x00007ffaaf000000 - 0x00007ffaaf09b000 	C:\Users\User\.jdks\openjdk-14.0.1\bin\msvcp140.dll
0x00007ffa6fa70000 - 0x00007ffa7058e000 	C:\Users\User\.jdks\openjdk-14.0.1\bin\server\jvm.dll
0x00007ffac05c0000 - 0x00007ffac066e000 	C:\WINDOWS\System32\ADVAPI32.dll
0x00007ffabf080000 - 0x00007ffabf11c000 	C:\WINDOWS\System32\sechost.dll
0x00007ffabee80000 - 0x00007ffabefa5000 	C:\WINDOWS\System32\RPCRT4.dll
0x00007ffac04b0000 - 0x00007ffac04b8000 	C:\WINDOWS\System32\PSAPI.DLL
0x00007ffaa16f0000 - 0x00007ffaa1717000 	C:\WINDOWS\SYSTEM32\WINMM.dll
0x00007ffaaf6e0000 - 0x00007ffaaf6ea000 	C:\WINDOWS\SYSTEM32\VERSION.dll
0x00007ffaa1720000 - 0x00007ffaa1729000 	C:\WINDOWS\SYSTEM32\WSOCK32.dll
0x00007ffabefb0000 - 0x00007ffabf01b000 	C:\WINDOWS\System32\WS2_32.dll
0x00007ffabc360000 - 0x00007ffabc372000 	C:\WINDOWS\SYSTEM32\kernel.appcore.dll
0x00007ffaba790000 - 0x00007ffaba79a000 	C:\Users\User\.jdks\openjdk-14.0.1\bin\jimage.dll
0x00007ffab4ad0000 - 0x00007ffab4cb4000 	C:\WINDOWS\SYSTEM32\DBGHELP.DLL
0x00007ffaab610000 - 0x00007ffaab63c000 	C:\WINDOWS\SYSTEM32\dbgcore.DLL
0x00007ffabe600000 - 0x00007ffabe682000 	C:\WINDOWS\System32\bcryptPrimitives.dll
0x00007ffaba6c0000 - 0x00007ffaba6ce000 	C:\Users\User\.jdks\openjdk-14.0.1\bin\instrument.dll
0x00007ffab4020000 - 0x00007ffab4045000 	C:\Users\User\.jdks\openjdk-14.0.1\bin\java.dll
0x00007ffaaf220000 - 0x00007ffaaf236000 	C:\Users\User\.jdks\openjdk-14.0.1\bin\zip.dll

dbghelp: loaded successfully - version: 4.0.5 - missing functions: none
symbol engine: initialized successfully - sym options: 0x614 - pdb path: .;C:\Users\User\.jdks\openjdk-14.0.1\bin;C:\WINDOWS\SYSTEM32;C:\WINDOWS\WinSxS\amd64_microsoft.windows.common-controls_6595b64144ccf1df_6.0.19041.1110_none_60b5254171f9507e;C:\Users\User\.jdks\openjdk-14.0.1\bin\server

VM Arguments:
jvm_args: -javaagent:C:\Users\User\AppData\Local\JetBrains\Toolbox\apps\IDEA-U\ch-0\211.6693.111\lib\idea_rt.jar=64120:C:\Users\User\AppData\Local\JetBrains\Toolbox\apps\IDEA-U\ch-0\211.6693.111\bin -Dfile.encoding=UTF-8 
java_command: AddToArrayFormOfInteger989
java_class_path (initial): C:\Users\User\IdeaProjects\LeetCode\out\production\LeetCode
Launcher Type: SUN_STANDARD

[Global flags]
     intx CICompilerCount                          = 4                                         {product} {ergonomic}
     uint ConcGCThreads                            = 2                                         {product} {ergonomic}
     uint G1ConcRefinementThreads                  = 8                                         {product} {ergonomic}
   size_t G1HeapRegionSize                         = 1048576                                   {product} {ergonomic}
    uintx GCDrainStackTargetSize                   = 64                                        {product} {ergonomic}
   size_t InitialHeapSize                          = 125829120                                 {product} {ergonomic}
   size_t MarkStackSize                            = 4194304                                   {product} {ergonomic}
   size_t MaxHeapSize                              = 2000683008                                {product} {ergonomic}
   size_t MaxNewSize                               = 1199570944                                {product} {ergonomic}
   size_t MinHeapDeltaBytes                        = 1048576                                   {product} {ergonomic}
   size_t MinHeapSize                              = 8388608                                   {product} {ergonomic}
    uintx NonNMethodCodeHeapSize                   = 5839372                                {pd product} {ergonomic}
    uintx NonProfiledCodeHeapSize                  = 122909434                              {pd product} {ergonomic}
    uintx ProfiledCodeHeapSize                     = 122909434                              {pd product} {ergonomic}
    uintx ReservedCodeCacheSize                    = 251658240                              {pd product} {ergonomic}
     bool SegmentedCodeCache                       = true                                      {product} {ergonomic}
   size_t SoftMaxHeapSize                          = 2000683008                             {manageable} {ergonomic}
     bool UseCompressedClassPointers               = true                                 {lp64_product} {ergonomic}
     bool UseCompressedOops                        = true                                 {lp64_product} {ergonomic}
     bool UseG1GC                                  = true                                      {product} {ergonomic}
     bool UseLargePagesIndividualAllocation        = false                                  {pd product} {ergonomic}

Logging:
Log output configuration:
 #0: stdout all=warning uptime,level,tags
 #1: stderr all=off uptime,level,tags

Environment Variables:
PATH=C:\Windows\System32;C:\Windows\System32\OpenSSH;C:\HashiCorp\Vagrant\bin;C:\ProgramData\chocolatey\bin;C:\Program Files\MySQL\MySQL Shell 8.0\bin\;C:\Users\User\AppData\Local\Microsoft\WindowsApps;C:\Program Files (x86)\Google\Chrome\Application;C:\Users\User\Documents\Python Scripts;C:\Users\User\AppData\Local\Microsoft\WindowsApps;C:\Program Files\terraform;C:\Users\User\AppData\Local\Programs\Microsoft VS Code\bin;C:\Users\User\AppData\Roaming\npm;C:\Program Files\Java\jdk-11.0.9\bin;C:\Program Files\Java\jdk1.8.0_251\bin;C:\xampp\htdocs\PHP;C:\xampp\php;C:\Program Files (x86)\nodejs;C:\Program Files\Docker\Docker;C:\Program Files\Docker\Docker\resources\bin;C:\Windows\System32;C:\Windows\System32\OpenSSH;C:\Users\User\kube;C:\Windows\System32\WindowsPowerShell\v1.0;
USERNAME=User
OS=Windows_NT
PROCESSOR_IDENTIFIER=Intel64 Family 6 Model 60 Stepping 3, GenuineIntel



---------------  S Y S T E M  ---------------

OS: Windows 10 , 64 bit Build 19041 (10.0.19041.1566)
OS uptime: 0 days 23:15 hours
HyperV virtualization detected

CPU:total 8 (initial active 8) (4 cores per cpu, 2 threads per core) family 6 model 60 stepping 3, cmov, cx8, fxsr, mmx, sse, sse2, sse3, ssse3, sse4.1, sse4.2, popcnt, avx, avx2, aes, clmul, erms, lzcnt, ht, tsc, tscinvbit, bmi1, bmi2, fma

Memory: 4k page, system-wide physical 7625M (551M free)
TotalPageFile size 7625M (AvailPageFile size 5M)
current process WorkingSet (physical memory assigned to process): 12M, peak: 12M
current process commit charge ("private bytes"): 186M, peak: 189M

vm_info: OpenJDK 64-Bit Server VM (14.0.1+7) for windows-amd64 JRE (14.0.1+7), built on Mar  5 2020 10:30:04 by "mach5one" with MS VC++ 15.9 (VS2017)

END.
