#
# There is insufficient memory for the Java Runtime Environment to continue.
# Native memory allocation (malloc) failed to allocate 32744 bytes for ChunkPool::allocate
# Possible reasons:
#   The system is out of physical RAM or swap space
#   The process is running with CompressedOops enabled, and the Java Heap may be blocking the growth of the native heap
# Possible solutions:
#   Reduce memory load on the system
#   Increase physical memory or swap space
#   Check if swap backing store is full
#   Decrease Java heap size (-Xmx/-Xms)
#   Decrease number of Java threads
#   Decrease Java thread stack sizes (-Xss)
#   Set larger code cache with -XX:ReservedCodeCacheSize=
#   JVM is running with Unscaled Compressed Oops mode in which the Java heap is
#     placed in the first 4GB address space. The Java Heap base address is the
#     maximum limit for the native heap growth. Please use -XX:HeapBaseMinAddress
#     to set the Java Heap base and to place the Java Heap above 4GB virtual address.
# This output file may be truncated or incomplete.
#
#  Out of Memory Error (./src/hotspot/share/memory/arena.cpp:81), pid=4780, tid=3044
#
# JRE version: OpenJDK Runtime Environment JBR-11.0.10.9-1341.35-dcevm (11.0.10+9) (build 11.0.10+9-b1341.35)
# Java VM: Dynamic Code Evolution 64-Bit Server VM JBR-11.0.10.9-1341.35-dcevm (11.0.10+9-b1341.35, mixed mode, tiered, compressed oops, g1 gc, windows-amd64)
# No core dump will be written. Minidumps are not enabled by default on client versions of Windows
#

---------------  S U M M A R Y ------------

Command Line: org.jetbrains.git4idea.http.GitAskPassApp Password for 'https://GAUTAMSETHI123@github.com': 

Host: Intel(R) Core(TM) i7-4712MQ CPU @ 2.30GHz, 8 cores, 7G,  Windows 10 , 64 bit Build 19041 (10.0.19041.1566)
Time: Fri Mar 25 23:52:22 2022 India Standard Time elapsed time: 0.282933 seconds (0d 0h 0m 0s)

---------------  T H R E A D  ---------------

Current thread (0x0000020264cdd800):  JavaThread "main" [_thread_in_vm, id=3044, stack(0x00000008f0400000,0x00000008f0500000)]

Stack: [0x00000008f0400000,0x00000008f0500000]
Native frames: (J=compiled Java code, j=interpreted, Vv=VM code, C=native code)
V  [jvm.dll+0x5f84fa]
V  [jvm.dll+0x77e085]
V  [jvm.dll+0x77f5dd]
V  [jvm.dll+0x77fc93]
V  [jvm.dll+0x2457e8]
V  [jvm.dll+0xbd88b]
V  [jvm.dll+0xbdb3c]
V  [jvm.dll+0x1ce2cd]
V  [jvm.dll+0x1cd462]
V  [jvm.dll+0x71a6e4]
V  [jvm.dll+0x71bba8]
V  [jvm.dll+0x71bfc5]
V  [jvm.dll+0x71bdd3]
V  [jvm.dll+0x23f1c7]
V  [jvm.dll+0x17c423]
V  [jvm.dll+0x36fe47]
C  0x000002026891ec4a

Java frames: (J=compiled Java code, j=interpreted, Vv=VM code)
j  sun.invoke.util.ValueConversions.newWrapperCaches(I)[Lsun/invoke/util/ValueConversions$WrapperCache;+1 java.base@11.0.10
j  sun.invoke.util.ValueConversions.<clinit>()V+28 java.base@11.0.10
v  ~StubRoutines::call_stub
j  java.lang.invoke.MethodHandles.insertArgumentPrimitive(Ljava/lang/invoke/BoundMethodHandle;ILjava/lang/Class;Ljava/lang/Object;)Ljava/lang/invoke/BoundMethodHandle;+107 java.base@11.0.10
j  java.lang.invoke.MethodHandles.insertArguments(Ljava/lang/invoke/MethodHandle;I[Ljava/lang/Object;)Ljava/lang/invoke/MethodHandle;+62 java.base@11.0.10
j  java.lang.invoke.StringConcatFactory$MethodHandleInlineCopyStrategy.generate(Ljava/lang/invoke/MethodType;Ljava/lang/invoke/StringConcatFactory$Recipe;)Ljava/lang/invoke/MethodHandle;+581 java.base@11.0.10
j  java.lang.invoke.StringConcatFactory.generate(Ljava/lang/invoke/MethodHandles$Lookup;Ljava/lang/String;Ljava/lang/invoke/MethodType;Ljava/lang/invoke/StringConcatFactory$Recipe;)Ljava/lang/invoke/MethodHandle;+101 java.base@11.0.10
j  java.lang.invoke.StringConcatFactory.doStringConcat(Ljava/lang/invoke/MethodHandles$Lookup;Ljava/lang/String;Ljava/lang/invoke/MethodType;ZLjava/lang/String;[Ljava/lang/Object;)Ljava/lang/invoke/CallSite;+507 java.base@11.0.10
j  java.lang.invoke.StringConcatFactory.makeConcatWithConstants(Ljava/lang/invoke/MethodHandles$Lookup;Ljava/lang/String;Ljava/lang/invoke/MethodType;Ljava/lang/String;[Ljava/lang/Object;)Ljava/lang/invoke/CallSite;+71 java.base@11.0.10
j  java.lang.invoke.DirectMethodHandle$Holder.invokeStatic(Ljava/lang/Object;Ljava/lang/Object;Ljava/lang/Object;Ljava/lang/Object;Ljava/lang/Object;Ljava/lang/Object;)Ljava/lang/Object;+18 java.base@11.0.10
j  java.lang.invoke.DelegatingMethodHandle$Holder.delegate(Ljava/lang/Object;Ljava/lang/Object;Ljava/lang/Object;Ljava/lang/Object;Ljava/lang/Object;Ljava/lang/Object;)Ljava/lang/Object;+21 java.base@11.0.10
j  java.lang.invoke.Invokers$Holder.invokeExact_MT(Ljava/lang/Object;Ljava/lang/Object;Ljava/lang/Object;Ljava/lang/Object;Ljava/lang/Object;Ljava/lang/Object;Ljava/lang/Object;)Ljava/lang/Object;+26 java.base@11.0.10
j  java.lang.invoke.BootstrapMethodInvoker.invoke(Ljava/lang/Class;Ljava/lang/invoke/MethodHandle;Ljava/lang/String;Ljava/lang/Object;Ljava/lang/Object;Ljava/lang/Class;)Ljava/lang/Object;+134 java.base@11.0.10
j  java.lang.invoke.CallSite.makeSite(Ljava/lang/invoke/MethodHandle;Ljava/lang/String;Ljava/lang/invoke/MethodType;Ljava/lang/Object;Ljava/lang/Class;)Ljava/lang/invoke/CallSite;+8 java.base@11.0.10
j  java.lang.invoke.MethodHandleNatives.linkCallSiteImpl(Ljava/lang/Class;Ljava/lang/invoke/MethodHandle;Ljava/lang/String;Ljava/lang/invoke/MethodType;Ljava/lang/Object;[Ljava/lang/Object;)Ljava/lang/invoke/MemberName;+6 java.base@11.0.10
j  java.lang.invoke.MethodHandleNatives.linkCallSite(Ljava/lang/Object;ILjava/lang/Object;Ljava/lang/Object;Ljava/lang/Object;Ljava/lang/Object;[Ljava/lang/Object;)Ljava/lang/invoke/MemberName;+46 java.base@11.0.10
v  ~StubRoutines::call_stub
j  org.jetbrains.git4idea.http.GitAskPassXmlRpcHandler.<clinit>()V+11
v  ~StubRoutines::call_stub
j  org.jetbrains.git4idea.http.GitAskPassApp.main([Ljava/lang/String;)V+28
v  ~StubRoutines::call_stub

---------------  P R O C E S S  ---------------

Threads class SMR info:
_java_thread_list=0x000002027f814cf0, length=10, elements={
0x0000020264cdd800, 0x000002027ed47800, 0x000002027ed4b000, 0x000002027ed67800,
0x000002027ed69800, 0x000002027ed6a800, 0x000002027ed6f000, 0x000002027ed71000,
0x000002027ed7f000, 0x000002027f82b000
}

Java Threads: ( => current thread )
=>0x0000020264cdd800 JavaThread "main" [_thread_in_vm, id=3044, stack(0x00000008f0400000,0x00000008f0500000)]
  0x000002027ed47800 JavaThread "Reference Handler" daemon [_thread_blocked, id=2304, stack(0x00000008f0b00000,0x00000008f0c00000)]
  0x000002027ed4b000 JavaThread "Finalizer" daemon [_thread_blocked, id=10388, stack(0x00000008f0c00000,0x00000008f0d00000)]
  0x000002027ed67800 JavaThread "Signal Dispatcher" daemon [_thread_blocked, id=10036, stack(0x00000008f0d00000,0x00000008f0e00000)]
  0x000002027ed69800 JavaThread "Attach Listener" daemon [_thread_blocked, id=11968, stack(0x00000008f0e00000,0x00000008f0f00000)]
  0x000002027ed6a800 JavaThread "Service Thread" daemon [_thread_blocked, id=7864, stack(0x00000008f0f00000,0x00000008f1000000)]
  0x000002027ed6f000 JavaThread "C2 CompilerThread0" daemon [_thread_blocked, id=10460, stack(0x00000008f1000000,0x00000008f1100000)]
  0x000002027ed71000 JavaThread "C1 CompilerThread0" daemon [_thread_in_native, id=13564, stack(0x00000008f1100000,0x00000008f1200000)]
  0x000002027ed7f000 JavaThread "Sweeper thread" daemon [_thread_blocked, id=8596, stack(0x00000008f1200000,0x00000008f1300000)]
  0x000002027f82b000 JavaThread "Common-Cleaner" daemon [_thread_blocked, id=13372, stack(0x00000008f1400000,0x00000008f1500000)]

Other Threads:
  0x000002027ed25800 VMThread "VM Thread" [stack: 0x00000008f0a00000,0x00000008f0b00000] [id=11332]
  0x000002027f839800 WatcherThread [stack: 0x00000008f1300000,0x00000008f1400000] [id=7852]
  0x0000020264cf7800 GCTaskThread "GC Thread#0" [stack: 0x00000008f0500000,0x00000008f0600000] [id=2376]
  0x0000020264d25000 ConcurrentGCThread "G1 Main Marker" [stack: 0x00000008f0600000,0x00000008f0700000] [id=13296]
  0x0000020264d28800 ConcurrentGCThread "G1 Conc#0" [stack: 0x00000008f0700000,0x00000008f0800000] [id=10712]
  0x0000020264dbb000 ConcurrentGCThread "G1 Refine#0" [stack: 0x00000008f0800000,0x00000008f0900000] [id=14664]
  0x0000020264dbc000 ConcurrentGCThread "G1 Young RemSet Sampling" [stack: 0x00000008f0900000,0x00000008f0a00000] [id=3388]

Threads with active compile tasks:
C1 CompilerThread0    315  190       3       jdk.internal.org.objectweb.asm.Frame::execute (2264 bytes)

VM state:not at safepoint (normal execution)

VM Mutex/Monitor currently owned by a thread: None

Heap address: 0x0000000088c00000, size: 1908 MB, Compressed Oops mode: 32-bit
Narrow klass base: 0x0000000000000000, Narrow klass shift: 3
Compressed class space size: 1073741824 Address: 0x0000000100000000

Heap:
 garbage-first heap   total 122880K, used 1024K [0x0000000088c00000, 0x0000000100000000)
  region size 1024K, 2 young (2048K), 0 survivors (0K)
 Metaspace       used 5849K, capacity 5892K, committed 6016K, reserved 1060864K
  class space    used 505K, capacity 535K, committed 640K, reserved 1048576K
Heap Regions: E=young(eden), S=young(survivor), O=old, HS=humongous(starts), HC=humongous(continues), CS=collection set, F=free, A=archive, TAMS=top-at-mark-start (previous, next)
|   0|0x0000000088c00000, 0x0000000088c00000, 0x0000000088d00000|  0%| F|  |TAMS 0x0000000088c00000, 0x0000000088c00000| Untracked 
|   1|0x0000000088d00000, 0x0000000088d00000, 0x0000000088e00000|  0%| F|  |TAMS 0x0000000088d00000, 0x0000000088d00000| Untracked 
|   2|0x0000000088e00000, 0x0000000088e00000, 0x0000000088f00000|  0%| F|  |TAMS 0x0000000088e00000, 0x0000000088e00000| Untracked 
|   3|0x0000000088f00000, 0x0000000088f00000, 0x0000000089000000|  0%| F|  |TAMS 0x0000000088f00000, 0x0000000088f00000| Untracked 
|   4|0x0000000089000000, 0x0000000089000000, 0x0000000089100000|  0%| F|  |TAMS 0x0000000089000000, 0x0000000089000000| Untracked 
|   5|0x0000000089100000, 0x0000000089100000, 0x0000000089200000|  0%| F|  |TAMS 0x0000000089100000, 0x0000000089100000| Untracked 
|   6|0x0000000089200000, 0x0000000089200000, 0x0000000089300000|  0%| F|  |TAMS 0x0000000089200000, 0x0000000089200000| Untracked 
|   7|0x0000000089300000, 0x0000000089300000, 0x0000000089400000|  0%| F|  |TAMS 0x0000000089300000, 0x0000000089300000| Untracked 
|   8|0x0000000089400000, 0x0000000089400000, 0x0000000089500000|  0%| F|  |TAMS 0x0000000089400000, 0x0000000089400000| Untracked 
|   9|0x0000000089500000, 0x0000000089500000, 0x0000000089600000|  0%| F|  |TAMS 0x0000000089500000, 0x0000000089500000| Untracked 
|  10|0x0000000089600000, 0x0000000089600000, 0x0000000089700000|  0%| F|  |TAMS 0x0000000089600000, 0x0000000089600000| Untracked 
|  11|0x0000000089700000, 0x0000000089700000, 0x0000000089800000|  0%| F|  |TAMS 0x0000000089700000, 0x0000000089700000| Untracked 
|  12|0x0000000089800000, 0x0000000089800000, 0x0000000089900000|  0%| F|  |TAMS 0x0000000089800000, 0x0000000089800000| Untracked 
|  13|0x0000000089900000, 0x0000000089900000, 0x0000000089a00000|  0%| F|  |TAMS 0x0000000089900000, 0x0000000089900000| Untracked 
|  14|0x0000000089a00000, 0x0000000089a00000, 0x0000000089b00000|  0%| F|  |TAMS 0x0000000089a00000, 0x0000000089a00000| Untracked 
|  15|0x0000000089b00000, 0x0000000089b00000, 0x0000000089c00000|  0%| F|  |TAMS 0x0000000089b00000, 0x0000000089b00000| Untracked 
|  16|0x0000000089c00000, 0x0000000089c00000, 0x0000000089d00000|  0%| F|  |TAMS 0x0000000089c00000, 0x0000000089c00000| Untracked 
|  17|0x0000000089d00000, 0x0000000089d00000, 0x0000000089e00000|  0%| F|  |TAMS 0x0000000089d00000, 0x0000000089d00000| Untracked 
|  18|0x0000000089e00000, 0x0000000089e00000, 0x0000000089f00000|  0%| F|  |TAMS 0x0000000089e00000, 0x0000000089e00000| Untracked 
|  19|0x0000000089f00000, 0x0000000089f00000, 0x000000008a000000|  0%| F|  |TAMS 0x0000000089f00000, 0x0000000089f00000| Untracked 
|  20|0x000000008a000000, 0x000000008a000000, 0x000000008a100000|  0%| F|  |TAMS 0x000000008a000000, 0x000000008a000000| Untracked 
|  21|0x000000008a100000, 0x000000008a100000, 0x000000008a200000|  0%| F|  |TAMS 0x000000008a100000, 0x000000008a100000| Untracked 
|  22|0x000000008a200000, 0x000000008a200000, 0x000000008a300000|  0%| F|  |TAMS 0x000000008a200000, 0x000000008a200000| Untracked 
|  23|0x000000008a300000, 0x000000008a300000, 0x000000008a400000|  0%| F|  |TAMS 0x000000008a300000, 0x000000008a300000| Untracked 
|  24|0x000000008a400000, 0x000000008a400000, 0x000000008a500000|  0%| F|  |TAMS 0x000000008a400000, 0x000000008a400000| Untracked 
|  25|0x000000008a500000, 0x000000008a500000, 0x000000008a600000|  0%| F|  |TAMS 0x000000008a500000, 0x000000008a500000| Untracked 
|  26|0x000000008a600000, 0x000000008a600000, 0x000000008a700000|  0%| F|  |TAMS 0x000000008a600000, 0x000000008a600000| Untracked 
|  27|0x000000008a700000, 0x000000008a700000, 0x000000008a800000|  0%| F|  |TAMS 0x000000008a700000, 0x000000008a700000| Untracked 
|  28|0x000000008a800000, 0x000000008a800000, 0x000000008a900000|  0%| F|  |TAMS 0x000000008a800000, 0x000000008a800000| Untracked 
|  29|0x000000008a900000, 0x000000008a900000, 0x000000008aa00000|  0%| F|  |TAMS 0x000000008a900000, 0x000000008a900000| Untracked 
|  30|0x000000008aa00000, 0x000000008aa00000, 0x000000008ab00000|  0%| F|  |TAMS 0x000000008aa00000, 0x000000008aa00000| Untracked 
|  31|0x000000008ab00000, 0x000000008ab00000, 0x000000008ac00000|  0%| F|  |TAMS 0x000000008ab00000, 0x000000008ab00000| Untracked 
|  32|0x000000008ac00000, 0x000000008ac00000, 0x000000008ad00000|  0%| F|  |TAMS 0x000000008ac00000, 0x000000008ac00000| Untracked 
|  33|0x000000008ad00000, 0x000000008ad00000, 0x000000008ae00000|  0%| F|  |TAMS 0x000000008ad00000, 0x000000008ad00000| Untracked 
|  34|0x000000008ae00000, 0x000000008ae00000, 0x000000008af00000|  0%| F|  |TAMS 0x000000008ae00000, 0x000000008ae00000| Untracked 
|  35|0x000000008af00000, 0x000000008af00000, 0x000000008b000000|  0%| F|  |TAMS 0x000000008af00000, 0x000000008af00000| Untracked 
|  36|0x000000008b000000, 0x000000008b000000, 0x000000008b100000|  0%| F|  |TAMS 0x000000008b000000, 0x000000008b000000| Untracked 
|  37|0x000000008b100000, 0x000000008b100000, 0x000000008b200000|  0%| F|  |TAMS 0x000000008b100000, 0x000000008b100000| Untracked 
|  38|0x000000008b200000, 0x000000008b200000, 0x000000008b300000|  0%| F|  |TAMS 0x000000008b200000, 0x000000008b200000| Untracked 
|  39|0x000000008b300000, 0x000000008b300000, 0x000000008b400000|  0%| F|  |TAMS 0x000000008b300000, 0x000000008b300000| Untracked 
|  40|0x000000008b400000, 0x000000008b400000, 0x000000008b500000|  0%| F|  |TAMS 0x000000008b400000, 0x000000008b400000| Untracked 
|  41|0x000000008b500000, 0x000000008b500000, 0x000000008b600000|  0%| F|  |TAMS 0x000000008b500000, 0x000000008b500000| Untracked 
|  42|0x000000008b600000, 0x000000008b600000, 0x000000008b700000|  0%| F|  |TAMS 0x000000008b600000, 0x000000008b600000| Untracked 
|  43|0x000000008b700000, 0x000000008b700000, 0x000000008b800000|  0%| F|  |TAMS 0x000000008b700000, 0x000000008b700000| Untracked 
|  44|0x000000008b800000, 0x000000008b800000, 0x000000008b900000|  0%| F|  |TAMS 0x000000008b800000, 0x000000008b800000| Untracked 
|  45|0x000000008b900000, 0x000000008b900000, 0x000000008ba00000|  0%| F|  |TAMS 0x000000008b900000, 0x000000008b900000| Untracked 
|  46|0x000000008ba00000, 0x000000008ba00000, 0x000000008bb00000|  0%| F|  |TAMS 0x000000008ba00000, 0x000000008ba00000| Untracked 
|  47|0x000000008bb00000, 0x000000008bb00000, 0x000000008bc00000|  0%| F|  |TAMS 0x000000008bb00000, 0x000000008bb00000| Untracked 
|  48|0x000000008bc00000, 0x000000008bc00000, 0x000000008bd00000|  0%| F|  |TAMS 0x000000008bc00000, 0x000000008bc00000| Untracked 
|  49|0x000000008bd00000, 0x000000008bd00000, 0x000000008be00000|  0%| F|  |TAMS 0x000000008bd00000, 0x000000008bd00000| Untracked 
|  50|0x000000008be00000, 0x000000008be00000, 0x000000008bf00000|  0%| F|  |TAMS 0x000000008be00000, 0x000000008be00000| Untracked 
|  51|0x000000008bf00000, 0x000000008bf00000, 0x000000008c000000|  0%| F|  |TAMS 0x000000008bf00000, 0x000000008bf00000| Untracked 
|  52|0x000000008c000000, 0x000000008c000000, 0x000000008c100000|  0%| F|  |TAMS 0x000000008c000000, 0x000000008c000000| Untracked 
|  53|0x000000008c100000, 0x000000008c100000, 0x000000008c200000|  0%| F|  |TAMS 0x000000008c100000, 0x000000008c100000| Untracked 
|  54|0x000000008c200000, 0x000000008c200000, 0x000000008c300000|  0%| F|  |TAMS 0x000000008c200000, 0x000000008c200000| Untracked 
|  55|0x000000008c300000, 0x000000008c300000, 0x000000008c400000|  0%| F|  |TAMS 0x000000008c300000, 0x000000008c300000| Untracked 
|  56|0x000000008c400000, 0x000000008c400000, 0x000000008c500000|  0%| F|  |TAMS 0x000000008c400000, 0x000000008c400000| Untracked 
|  57|0x000000008c500000, 0x000000008c500000, 0x000000008c600000|  0%| F|  |TAMS 0x000000008c500000, 0x000000008c500000| Untracked 
|  58|0x000000008c600000, 0x000000008c600000, 0x000000008c700000|  0%| F|  |TAMS 0x000000008c600000, 0x000000008c600000| Untracked 
|  59|0x000000008c700000, 0x000000008c700000, 0x000000008c800000|  0%| F|  |TAMS 0x000000008c700000, 0x000000008c700000| Untracked 
|  60|0x000000008c800000, 0x000000008c800000, 0x000000008c900000|  0%| F|  |TAMS 0x000000008c800000, 0x000000008c800000| Untracked 
|  61|0x000000008c900000, 0x000000008c900000, 0x000000008ca00000|  0%| F|  |TAMS 0x000000008c900000, 0x000000008c900000| Untracked 
|  62|0x000000008ca00000, 0x000000008ca00000, 0x000000008cb00000|  0%| F|  |TAMS 0x000000008ca00000, 0x000000008ca00000| Untracked 
|  63|0x000000008cb00000, 0x000000008cb00000, 0x000000008cc00000|  0%| F|  |TAMS 0x000000008cb00000, 0x000000008cb00000| Untracked 
|  64|0x000000008cc00000, 0x000000008cc00000, 0x000000008cd00000|  0%| F|  |TAMS 0x000000008cc00000, 0x000000008cc00000| Untracked 
|  65|0x000000008cd00000, 0x000000008cd00000, 0x000000008ce00000|  0%| F|  |TAMS 0x000000008cd00000, 0x000000008cd00000| Untracked 
|  66|0x000000008ce00000, 0x000000008ce00000, 0x000000008cf00000|  0%| F|  |TAMS 0x000000008ce00000, 0x000000008ce00000| Untracked 
|  67|0x000000008cf00000, 0x000000008cf00000, 0x000000008d000000|  0%| F|  |TAMS 0x000000008cf00000, 0x000000008cf00000| Untracked 
|  68|0x000000008d000000, 0x000000008d000000, 0x000000008d100000|  0%| F|  |TAMS 0x000000008d000000, 0x000000008d000000| Untracked 
|  69|0x000000008d100000, 0x000000008d100000, 0x000000008d200000|  0%| F|  |TAMS 0x000000008d100000, 0x000000008d100000| Untracked 
|  70|0x000000008d200000, 0x000000008d200000, 0x000000008d300000|  0%| F|  |TAMS 0x000000008d200000, 0x000000008d200000| Untracked 
|  71|0x000000008d300000, 0x000000008d300000, 0x000000008d400000|  0%| F|  |TAMS 0x000000008d300000, 0x000000008d300000| Untracked 
|  72|0x000000008d400000, 0x000000008d400000, 0x000000008d500000|  0%| F|  |TAMS 0x000000008d400000, 0x000000008d400000| Untracked 
|  73|0x000000008d500000, 0x000000008d500000, 0x000000008d600000|  0%| F|  |TAMS 0x000000008d500000, 0x000000008d500000| Untracked 
|  74|0x000000008d600000, 0x000000008d600000, 0x000000008d700000|  0%| F|  |TAMS 0x000000008d600000, 0x000000008d600000| Untracked 
|  75|0x000000008d700000, 0x000000008d700000, 0x000000008d800000|  0%| F|  |TAMS 0x000000008d700000, 0x000000008d700000| Untracked 
|  76|0x000000008d800000, 0x000000008d800000, 0x000000008d900000|  0%| F|  |TAMS 0x000000008d800000, 0x000000008d800000| Untracked 
|  77|0x000000008d900000, 0x000000008d900000, 0x000000008da00000|  0%| F|  |TAMS 0x000000008d900000, 0x000000008d900000| Untracked 
|  78|0x000000008da00000, 0x000000008da00000, 0x000000008db00000|  0%| F|  |TAMS 0x000000008da00000, 0x000000008da00000| Untracked 
|  79|0x000000008db00000, 0x000000008db00000, 0x000000008dc00000|  0%| F|  |TAMS 0x000000008db00000, 0x000000008db00000| Untracked 
|  80|0x000000008dc00000, 0x000000008dc00000, 0x000000008dd00000|  0%| F|  |TAMS 0x000000008dc00000, 0x000000008dc00000| Untracked 
|  81|0x000000008dd00000, 0x000000008dd00000, 0x000000008de00000|  0%| F|  |TAMS 0x000000008dd00000, 0x000000008dd00000| Untracked 
|  82|0x000000008de00000, 0x000000008de00000, 0x000000008df00000|  0%| F|  |TAMS 0x000000008de00000, 0x000000008de00000| Untracked 
|  83|0x000000008df00000, 0x000000008df00000, 0x000000008e000000|  0%| F|  |TAMS 0x000000008df00000, 0x000000008df00000| Untracked 
|  84|0x000000008e000000, 0x000000008e000000, 0x000000008e100000|  0%| F|  |TAMS 0x000000008e000000, 0x000000008e000000| Untracked 
|  85|0x000000008e100000, 0x000000008e100000, 0x000000008e200000|  0%| F|  |TAMS 0x000000008e100000, 0x000000008e100000| Untracked 
|  86|0x000000008e200000, 0x000000008e200000, 0x000000008e300000|  0%| F|  |TAMS 0x000000008e200000, 0x000000008e200000| Untracked 
|  87|0x000000008e300000, 0x000000008e300000, 0x000000008e400000|  0%| F|  |TAMS 0x000000008e300000, 0x000000008e300000| Untracked 
|  88|0x000000008e400000, 0x000000008e400000, 0x000000008e500000|  0%| F|  |TAMS 0x000000008e400000, 0x000000008e400000| Untracked 
|  89|0x000000008e500000, 0x000000008e500000, 0x000000008e600000|  0%| F|  |TAMS 0x000000008e500000, 0x000000008e500000| Untracked 
|  90|0x000000008e600000, 0x000000008e600000, 0x000000008e700000|  0%| F|  |TAMS 0x000000008e600000, 0x000000008e600000| Untracked 
|  91|0x000000008e700000, 0x000000008e700000, 0x000000008e800000|  0%| F|  |TAMS 0x000000008e700000, 0x000000008e700000| Untracked 
|  92|0x000000008e800000, 0x000000008e800000, 0x000000008e900000|  0%| F|  |TAMS 0x000000008e800000, 0x000000008e800000| Untracked 
|  93|0x000000008e900000, 0x000000008e900000, 0x000000008ea00000|  0%| F|  |TAMS 0x000000008e900000, 0x000000008e900000| Untracked 
|  94|0x000000008ea00000, 0x000000008ea00000, 0x000000008eb00000|  0%| F|  |TAMS 0x000000008ea00000, 0x000000008ea00000| Untracked 
|  95|0x000000008eb00000, 0x000000008eb00000, 0x000000008ec00000|  0%| F|  |TAMS 0x000000008eb00000, 0x000000008eb00000| Untracked 
|  96|0x000000008ec00000, 0x000000008ec00000, 0x000000008ed00000|  0%| F|  |TAMS 0x000000008ec00000, 0x000000008ec00000| Untracked 
|  97|0x000000008ed00000, 0x000000008ed00000, 0x000000008ee00000|  0%| F|  |TAMS 0x000000008ed00000, 0x000000008ed00000| Untracked 
|  98|0x000000008ee00000, 0x000000008ee00000, 0x000000008ef00000|  0%| F|  |TAMS 0x000000008ee00000, 0x000000008ee00000| Untracked 
|  99|0x000000008ef00000, 0x000000008ef00000, 0x000000008f000000|  0%| F|  |TAMS 0x000000008ef00000, 0x000000008ef00000| Untracked 
| 100|0x000000008f000000, 0x000000008f000000, 0x000000008f100000|  0%| F|  |TAMS 0x000000008f000000, 0x000000008f000000| Untracked 
| 101|0x000000008f100000, 0x000000008f100000, 0x000000008f200000|  0%| F|  |TAMS 0x000000008f100000, 0x000000008f100000| Untracked 
| 102|0x000000008f200000, 0x000000008f200000, 0x000000008f300000|  0%| F|  |TAMS 0x000000008f200000, 0x000000008f200000| Untracked 
| 103|0x000000008f300000, 0x000000008f300000, 0x000000008f400000|  0%| F|  |TAMS 0x000000008f300000, 0x000000008f300000| Untracked 
| 104|0x000000008f400000, 0x000000008f400000, 0x000000008f500000|  0%| F|  |TAMS 0x000000008f400000, 0x000000008f400000| Untracked 
| 105|0x000000008f500000, 0x000000008f500000, 0x000000008f600000|  0%| F|  |TAMS 0x000000008f500000, 0x000000008f500000| Untracked 
| 106|0x000000008f600000, 0x000000008f600000, 0x000000008f700000|  0%| F|  |TAMS 0x000000008f600000, 0x000000008f600000| Untracked 
| 107|0x000000008f700000, 0x000000008f700000, 0x000000008f800000|  0%| F|  |TAMS 0x000000008f700000, 0x000000008f700000| Untracked 
| 108|0x000000008f800000, 0x000000008f800000, 0x000000008f900000|  0%| F|  |TAMS 0x000000008f800000, 0x000000008f800000| Untracked 
| 109|0x000000008f900000, 0x000000008f900000, 0x000000008fa00000|  0%| F|  |TAMS 0x000000008f900000, 0x000000008f900000| Untracked 
| 110|0x000000008fa00000, 0x000000008fa00000, 0x000000008fb00000|  0%| F|  |TAMS 0x000000008fa00000, 0x000000008fa00000| Untracked 
| 111|0x000000008fb00000, 0x000000008fb00000, 0x000000008fc00000|  0%| F|  |TAMS 0x000000008fb00000, 0x000000008fb00000| Untracked 
| 112|0x000000008fc00000, 0x000000008fc00000, 0x000000008fd00000|  0%| F|  |TAMS 0x000000008fc00000, 0x000000008fc00000| Untracked 
| 113|0x000000008fd00000, 0x000000008fd00000, 0x000000008fe00000|  0%| F|  |TAMS 0x000000008fd00000, 0x000000008fd00000| Untracked 
| 114|0x000000008fe00000, 0x000000008fe00000, 0x000000008ff00000|  0%| F|  |TAMS 0x000000008fe00000, 0x000000008fe00000| Untracked 
| 115|0x000000008ff00000, 0x000000008ff00000, 0x0000000090000000|  0%| F|  |TAMS 0x000000008ff00000, 0x000000008ff00000| Untracked 
| 116|0x0000000090000000, 0x0000000090000000, 0x0000000090100000|  0%| F|  |TAMS 0x0000000090000000, 0x0000000090000000| Untracked 
| 117|0x0000000090100000, 0x0000000090100000, 0x0000000090200000|  0%| F|  |TAMS 0x0000000090100000, 0x0000000090100000| Untracked 
| 118|0x0000000090200000, 0x00000000902f6880, 0x0000000090300000| 96%| E|  |TAMS 0x0000000090200000, 0x0000000090200000| Complete 
| 119|0x0000000090300000, 0x0000000090400000, 0x0000000090400000|100%| E|CS|TAMS 0x0000000090300000, 0x0000000090300000| Complete 

Card table byte_map: [0x0000020277ff0000,0x00000202783b0000] _byte_map_base: 0x0000020277baa000

Marking Bits (Prev, Next): (CMBitMap*) 0x0000020264d1cf48, (CMBitMap*) 0x0000020264d1cf80
 Prev Bits: [0x0000020278770000, 0x000002027a540000)
 Next Bits: [0x000002027a540000, 0x000002027c310000)

Polling page: 0x0000020262c50000

Metaspace:

Usage:
  Non-class:      5.23 MB capacity,     5.22 MB (>99%) used,    10.02 KB ( <1%) free+waste,     2.75 KB ( <1%) overhead. 
      Class:    535.00 KB capacity,   505.76 KB ( 95%) used,    27.87 KB (  5%) free+waste,     1.38 KB ( <1%) overhead. 
       Both:      5.75 MB capacity,     5.71 MB (>99%) used,    37.89 KB ( <1%) free+waste,     4.13 KB ( <1%) overhead. 

Virtual space:
  Non-class space:       12.00 MB reserved,       5.25 MB ( 44%) committed 
      Class space:        1.00 GB reserved,     640.00 KB ( <1%) committed 
             Both:        1.01 GB reserved,       5.88 MB ( <1%) committed 

Chunk freelists:
   Non-Class:  19.00 KB
       Class:  9.00 KB
        Both:  28.00 KB

MaxMetaspaceSize: 17179869184.00 GB
CompressedClassSpaceSize: 1.00 GB

CodeHeap 'non-profiled nmethods': size=120000Kb used=50Kb max_used=50Kb free=119949Kb
 bounds [0x00000202703d0000, 0x0000020270640000, 0x0000020277900000]
CodeHeap 'profiled nmethods': size=120000Kb used=215Kb max_used=215Kb free=119784Kb
 bounds [0x0000020268ea0000, 0x0000020269110000, 0x00000202703d0000]
CodeHeap 'non-nmethods': size=5760Kb used=1050Kb max_used=1062Kb free=4709Kb
 bounds [0x0000020268900000, 0x0000020268b70000, 0x0000020268ea0000]
 total_blobs=525 nmethods=187 adapters=250
 compilation: enabled
              stopped_count=0, restarted_count=0
 full_count=0

Compilation events (20 events):
Event: 0.276 Thread 0x000002027ed71000  176       3       java.lang.String::getBytes (44 bytes)
Event: 0.277 Thread 0x000002027ed71000 nmethod 176 0x0000020268ed0e10 code [0x0000020268ed1000, 0x0000020268ed1338]
Event: 0.277 Thread 0x000002027ed71000  177       3       java.lang.invoke.LambdaForm$BasicType::basicType (19 bytes)
Event: 0.277 Thread 0x000002027ed71000 nmethod 177 0x0000020268ed1490 code [0x0000020268ed1660, 0x0000020268ed1898]
Event: 0.277 Thread 0x000002027ed71000  161       1       java.lang.invoke.LambdaForm$Name::index (5 bytes)
Event: 0.277 Thread 0x000002027ed71000 nmethod 161 0x00000202703db610 code [0x00000202703db7c0, 0x00000202703db878]
Event: 0.277 Thread 0x000002027ed71000  179       3       jdk.internal.org.objectweb.asm.ClassWriter::put (152 bytes)
Event: 0.277 Thread 0x000002027ed6f000  180       4       java.lang.StringLatin1::indexOf (61 bytes)
Event: 0.278 Thread 0x000002027ed71000 nmethod 179 0x0000020268ed1a10 code [0x0000020268ed1c40, 0x0000020268ed2498]
Event: 0.278 Thread 0x000002027ed71000  181       3       jdk.internal.org.objectweb.asm.ByteVector::putShort (52 bytes)
Event: 0.278 Thread 0x000002027ed71000 nmethod 181 0x0000020268ed2790 code [0x0000020268ed2960, 0x0000020268ed2b68]
Event: 0.278 Thread 0x000002027ed71000  171       1       java.lang.invoke.MethodHandle::type (5 bytes)
Event: 0.278 Thread 0x000002027ed71000 nmethod 171 0x00000202703db910 code [0x00000202703dbac0, 0x00000202703dbb78]
Event: 0.278 Thread 0x000002027ed71000  182       3       java.lang.Number::<init> (5 bytes)
Event: 0.278 Thread 0x000002027ed71000 nmethod 182 0x0000020268ed2c90 code [0x0000020268ed2e40, 0x0000020268ed2f98]
Event: 0.278 Thread 0x000002027ed71000  174       1       java.lang.invoke.LambdaForm$BasicType::basicTypeClass (5 bytes)
Event: 0.278 Thread 0x000002027ed71000 nmethod 174 0x00000202703dbc10 code [0x00000202703dbdc0, 0x00000202703dbe78]
Event: 0.278 Thread 0x000002027ed71000  167       1       sun.invoke.util.Wrapper::basicTypeChar (5 bytes)
Event: 0.278 Thread 0x000002027ed71000 nmethod 167 0x00000202703dbf10 code [0x00000202703dc0c0, 0x00000202703dc178]
Event: 0.279 Thread 0x000002027ed71000  184       3       sun.invoke.util.VerifyAccess::isTypeVisible (118 bytes)

GC Heap History (0 events):
No events

Deoptimization events (4 events):
Event: 0.185 Thread 0x0000020264cdd800 Uncommon trap: trap_request=0xffffff4d fr.pc=0x00000202703d3f1c relative=0x00000000000001fc
Event: 0.185 Thread 0x0000020264cdd800 Uncommon trap: reason=unstable_if action=reinterpret pc=0x00000202703d3f1c method=java.lang.String.hashCode()I @ 14 c2
Event: 0.185 Thread 0x0000020264cdd800 DEOPT PACKING pc=0x00000202703d3f1c sp=0x00000008f04fd560
Event: 0.185 Thread 0x0000020264cdd800 DEOPT UNPACKING pc=0x00000202689278af sp=0x00000008f04fd4f8 mode 2

Classes redefined (0 events):
No events

Internal exceptions (0 events):
No events

Events (20 events):
Event: 0.266 loading class jdk/internal/org/objectweb/asm/AnnotationWriter done
Event: 0.266 loading class java/lang/invoke/InvokerBytecodeGenerator$CpPatch
Event: 0.266 loading class java/lang/invoke/InvokerBytecodeGenerator$CpPatch done
Event: 0.268 loading class java/lang/invoke/BoundMethodHandle$Species_LL
Event: 0.268 loading class java/lang/invoke/BoundMethodHandle$Species_LL done
Event: 0.270 loading class java/lang/invoke/BoundMethodHandle$Species_LLL
Event: 0.270 loading class java/lang/invoke/BoundMethodHandle$Species_LLL done
Event: 0.272 loading class java/lang/invoke/BoundMethodHandle$Species_LLLL
Event: 0.272 loading class java/lang/invoke/BoundMethodHandle$Species_LLLL done
Event: 0.274 loading class java/lang/invoke/BoundMethodHandle$Species_LLLLL
Event: 0.275 loading class java/lang/invoke/BoundMethodHandle$Species_LLLLL done
Event: 0.276 loading class java/lang/invoke/BoundMethodHandle$Species_LLLLLL
Event: 0.276 loading class java/lang/invoke/BoundMethodHandle$Species_LLLLLL done
Event: 0.278 loading class java/lang/Byte$ByteCache
Event: 0.278 loading class java/lang/Byte$ByteCache done
Event: 0.278 loading class java/lang/invoke/MethodHandles$1
Event: 0.278 loading class java/lang/invoke/MethodHandles$1 done
Event: 0.278 loading class java/lang/invoke/BoundMethodHandle$Species_LLLLLLI
Event: 0.278 loading class java/lang/invoke/BoundMethodHandle$Species_LLLLLLI done
Event: 0.280 loading class sun/invoke/util/ValueConversions$WrapperCache


Dynamic libraries:
0x00007ff7b0bc0000 - 0x00007ff7b0bca000 	C:\Users\User\AppData\Local\JetBrains\Toolbox\apps\IDEA-U\ch-0\211.6693.111\jbr\bin\java.exe
0x00007fff88b90000 - 0x00007fff88d85000 	C:\WINDOWS\SYSTEM32\ntdll.dll
0x00007fff87b00000 - 0x00007fff87bbe000 	C:\WINDOWS\System32\KERNEL32.DLL
0x00007fff86710000 - 0x00007fff869d8000 	C:\WINDOWS\System32\KERNELBASE.dll
0x00007fff863a0000 - 0x00007fff864a0000 	C:\WINDOWS\System32\ucrtbase.dll
0x00007fff658f0000 - 0x00007fff65909000 	C:\Users\User\AppData\Local\JetBrains\Toolbox\apps\IDEA-U\ch-0\211.6693.111\jbr\bin\jli.dll
0x00007fff641e0000 - 0x00007fff641f7000 	C:\Users\User\AppData\Local\JetBrains\Toolbox\apps\IDEA-U\ch-0\211.6693.111\jbr\bin\VCRUNTIME140.dll
0x00007fff86d00000 - 0x00007fff86ea0000 	C:\WINDOWS\System32\USER32.dll
0x00007fff75ca0000 - 0x00007fff75f3a000 	C:\WINDOWS\WinSxS\amd64_microsoft.windows.common-controls_6595b64144ccf1df_6.0.19041.1110_none_60b5254171f9507e\COMCTL32.dll
0x00007fff86340000 - 0x00007fff86362000 	C:\WINDOWS\System32\win32u.dll
0x00007fff86ea0000 - 0x00007fff86f3e000 	C:\WINDOWS\System32\msvcrt.dll
0x00007fff87f20000 - 0x00007fff87f4b000 	C:\WINDOWS\System32\GDI32.dll
0x00007fff86600000 - 0x00007fff8670b000 	C:\WINDOWS\System32\gdi32full.dll
0x00007fff86b50000 - 0x00007fff86bed000 	C:\WINDOWS\System32\msvcp_win.dll
0x00007fff88a30000 - 0x00007fff88a60000 	C:\WINDOWS\System32\IMM32.DLL
0x00007fff4e540000 - 0x00007fff4e5dd000 	C:\Users\User\AppData\Local\JetBrains\Toolbox\apps\IDEA-U\ch-0\211.6693.111\jbr\bin\msvcp140.dll
0x00007fff2ef20000 - 0x00007fff2fa6f000 	C:\Users\User\AppData\Local\JetBrains\Toolbox\apps\IDEA-U\ch-0\211.6693.111\jbr\bin\server\jvm.dll
0x00007fff86bf0000 - 0x00007fff86c9e000 	C:\WINDOWS\System32\ADVAPI32.dll
0x00007fff87a60000 - 0x00007fff87afc000 	C:\WINDOWS\System32\sechost.dll
0x00007fff88880000 - 0x00007fff889a5000 	C:\WINDOWS\System32\RPCRT4.dll
0x00007fff87a50000 - 0x00007fff87a58000 	C:\WINDOWS\System32\PSAPI.DLL
0x00007fff78fd0000 - 0x00007fff78fda000 	C:\WINDOWS\SYSTEM32\VERSION.dll
0x00007fff6bc20000 - 0x00007fff6bc29000 	C:\WINDOWS\SYSTEM32\WSOCK32.dll
0x00007fff6df90000 - 0x00007fff6dfb7000 	C:\WINDOWS\SYSTEM32\WINMM.dll
0x00007fff88060000 - 0x00007fff880cb000 	C:\WINDOWS\System32\WS2_32.dll
0x00007fff840a0000 - 0x00007fff840b2000 	C:\WINDOWS\SYSTEM32\kernel.appcore.dll
0x00007fff7b360000 - 0x00007fff7b371000 	C:\Users\User\AppData\Local\JetBrains\Toolbox\apps\IDEA-U\ch-0\211.6693.111\jbr\bin\verify.dll
0x00007fff839a0000 - 0x00007fff83b84000 	C:\WINDOWS\SYSTEM32\DBGHELP.DLL
0x00007fff73670000 - 0x00007fff7369c000 	C:\WINDOWS\SYSTEM32\dbgcore.DLL
0x00007fff862b0000 - 0x00007fff86332000 	C:\WINDOWS\System32\bcryptPrimitives.dll
0x00007fff77e40000 - 0x00007fff77e69000 	C:\Users\User\AppData\Local\JetBrains\Toolbox\apps\IDEA-U\ch-0\211.6693.111\jbr\bin\java.dll
0x00007fff80f50000 - 0x00007fff80f5b000 	C:\Users\User\AppData\Local\JetBrains\Toolbox\apps\IDEA-U\ch-0\211.6693.111\jbr\bin\jimage.dll
0x00007fff779a0000 - 0x00007fff779b8000 	C:\Users\User\AppData\Local\JetBrains\Toolbox\apps\IDEA-U\ch-0\211.6693.111\jbr\bin\zip.dll
0x00007fff86f40000 - 0x00007fff87684000 	C:\WINDOWS\System32\SHELL32.dll
0x00007fff84380000 - 0x00007fff84b14000 	C:\WINDOWS\SYSTEM32\windows.storage.dll
0x00007fff87690000 - 0x00007fff879e4000 	C:\WINDOWS\System32\combase.dll
0x00007fff85c30000 - 0x00007fff85c5c000 	C:\WINDOWS\SYSTEM32\Wldp.dll
0x00007fff87f50000 - 0x00007fff87ffd000 	C:\WINDOWS\System32\SHCORE.dll
0x00007fff86ca0000 - 0x00007fff86cf5000 	C:\WINDOWS\System32\shlwapi.dll
0x00007fff861f0000 - 0x00007fff8620f000 	C:\WINDOWS\SYSTEM32\profapi.dll
0x00007fff77980000 - 0x00007fff7799a000 	C:\Users\User\AppData\Local\JetBrains\Toolbox\apps\IDEA-U\ch-0\211.6693.111\jbr\bin\net.dll
0x00007fff7cc50000 - 0x00007fff7cd59000 	C:\WINDOWS\SYSTEM32\WINHTTP.dll
0x00007fff85a10000 - 0x00007fff85a7a000 	C:\WINDOWS\system32\mswsock.dll
0x00007fff77960000 - 0x00007fff77974000 	C:\Users\User\AppData\Local\JetBrains\Toolbox\apps\IDEA-U\ch-0\211.6693.111\jbr\bin\nio.dll

dbghelp: loaded successfully - version: 4.0.5 - missing functions: none
symbol engine: initialized successfully - sym options: 0x614 - pdb path: .;C:\Users\User\AppData\Local\JetBrains\Toolbox\apps\IDEA-U\ch-0\211.6693.111\jbr\bin;C:\WINDOWS\SYSTEM32;C:\WINDOWS\WinSxS\amd64_microsoft.windows.common-controls_6595b64144ccf1df_6.0.19041.1110_none_60b5254171f9507e;C:\Users\User\AppData\Local\JetBrains\Toolbox\apps\IDEA-U\ch-0\211.6693.111\jbr\bin\server

VM Arguments:
java_command: org.jetbrains.git4idea.http.GitAskPassApp Password for 'https://GAUTAMSETHI123@github.com': 
java_class_path (initial): C:/Users/User/AppData/Local/JetBrains/Toolbox/apps/IDEA-U/ch-0/211.6693.111/plugins/git4idea/lib/git4idea-rt.jar;C:/Users/User/AppData/Local/JetBrains/Toolbox/apps/IDEA-U/ch-0/211.6693.111/lib/xmlrpc-2.0.1.jar;C:/Users/User/AppData/Local/JetBrains/Toolbox/apps/IDEA-U/ch-0/211.6693.111/lib/commons-codec-1.15.jar
Launcher Type: SUN_STANDARD

[Global flags]
     intx CICompilerCount                          = 4                                         {product} {ergonomic}
     uint ConcGCThreads                            = 2                                         {product} {ergonomic}
     uint G1ConcRefinementThreads                  = 8                                         {product} {ergonomic}
   size_t G1HeapRegionSize                         = 1048576                                   {product} {ergonomic}
    uintx GCDrainStackTargetSize                   = 64                                        {product} {ergonomic}
   size_t InitialHeapSize                          = 125829120                                 {product} {ergonomic}
   size_t MarkStackSize                            = 4194304                                   {product} {ergonomic}
   size_t MaxHeapSize                              = 2000683008                                {product} {ergonomic}
   size_t MaxNewSize                               = 1199570944                                {product} {ergonomic}
   size_t MinHeapDeltaBytes                        = 1048576                                   {product} {ergonomic}
    uintx NonNMethodCodeHeapSize                   = 5836300                                {pd product} {ergonomic}
    uintx NonProfiledCodeHeapSize                  = 122910970                              {pd product} {ergonomic}
    uintx ProfiledCodeHeapSize                     = 122910970                              {pd product} {ergonomic}
    uintx ReservedCodeCacheSize                    = 251658240                              {pd product} {ergonomic}
     bool SegmentedCodeCache                       = true                                      {product} {ergonomic}
     bool UseCompressedClassPointers               = true                                 {lp64_product} {ergonomic}
     bool UseCompressedOops                        = true                                 {lp64_product} {ergonomic}
     bool UseG1GC                                  = true                                      {product} {ergonomic}
     bool UseLargePagesIndividualAllocation        = false                                  {pd product} {ergonomic}

Logging:
Log output configuration:
 #0: stdout all=warning uptime,level,tags
 #1: stderr all=off uptime,level,tags

Environment Variables:
PATH=C:\Program Files\Git\mingw64\libexec\git-core;C:\Program Files\Git\mingw64\libexec\git-core;C:\Program Files\Git\mingw64\bin;C:\Program Files\Git\usr\bin;C:\Users\User\bin;C:\Windows\System32;C:\Windows\System32\OpenSSH;C:\HashiCorp\Vagrant\bin;C:\ProgramData\chocolatey\bin;C:\Program Files\Amazon\AWSCLIV2;C:\Program Files\MySQL\MySQL Shell 8.0\bin;C:\Users\User\AppData\Local\Microsoft\WindowsApps;C:\Program Files (x86)\Google\Chrome\Application;C:\Users\User\Documents\Python Scripts;C:\Users\User\AppData\Local\Microsoft\WindowsApps;C:\Program Files\terraform;C:\Users\User\AppData\Local\Programs\Microsoft VS Code\bin;C:\Users\User\AppData\Roaming\npm;C:\Program Files\Java\jdk-11.0.9\bin;C:\Program Files\Java\jdk1.8.0_251\bin;C:\xampp\htdocs\PHP;C:\xampp\php;C:\Program Files (x86)\nodejs;C:\Program Files\Docker\Docker;C:\Program Files\Docker\Docker\resources\bin;C:\Windows\System32;C:\Windows\System32\OpenSSH;C:\Users\User\kube;C:\Windows\System32\WindowsPowerShell\v1.0
USERNAME=User
DISPLAY=:0.0
LC_ALL=en_US.UTF-8
OS=Windows_NT
PROCESSOR_IDENTIFIER=Intel64 Family 6 Model 60 Stepping 3, GenuineIntel



---------------  S Y S T E M  ---------------

OS: Windows 10 , 64 bit Build 19041 (10.0.19041.1566)
OS uptime: 1 days 0:21 hours
Hyper-V role detected

CPU:total 8 (initial active 8) (4 cores per cpu, 2 threads per core) family 6 model 60 stepping 3 microcode 0x27, cmov, cx8, fxsr, mmx, sse, sse2, sse3, ssse3, sse4.1, sse4.2, popcnt, avx, avx2, aes, clmul, erms, lzcnt, ht, tsc, tscinvbit, bmi1, bmi2, fma

Memory: 4k page, system-wide physical 7625M (648M free)
TotalPageFile size 7625M (AvailPageFile size 4M)
current process WorkingSet (physical memory assigned to process): 37M, peak: 37M
current process commit charge ("private bytes"): 197M, peak: 197M

vm_info: Dynamic Code Evolution 64-Bit Server VM (11.0.10+9-b1341.35) for windows-amd64 JRE (11.0.10+9-b1341.35), built on Mar 31 2021 02:11:12 by "" with MS VC++ 14.0 (VS2015)

END.
